[2022/02/15 17:43:46] root INFO: loss_0: 
[2022/02/15 17:43:46] root INFO: 	mean diff: check passed: False, value: 2.86102294921875e-06
[2022/02/15 17:43:46] root INFO: loss_1: 
[2022/02/15 17:43:46] root INFO: 	mean diff: check passed: False, value: 0.17406749725341797
[2022/02/15 17:43:46] root INFO: diff check failed
[2022/02/15 17:43:46] root INFO: loss_0: 
[2022/02/15 17:43:46] root INFO: 	mean diff: check passed: False, value: 2.86102294921875e-06
[2022/02/15 17:43:46] root INFO: loss_1: 
[2022/02/15 17:43:46] root INFO: 	mean diff: check passed: False, value: 0.17406749725341797
[2022/02/15 17:43:46] root INFO: diff check failed
022/02/15 17:43:46] root INFO: loss_0: 
[2022/02/15 17:43:46] root INFO: 	mean diff: check passed: False, value: 2.86102294921875e-06
[2022/02/15 17:43:46] root INFO: loss_1: 
[2022/02/15 17:43:46] root INFO: 	mean diff: check passed: False, value: 0.17406749725341797
[2022/02/15 17:43:46] root INFO: diff check failed
22/02/15 17:43:46] root INFO: loss_0: 
[2022/02/15 17:43:46] root INFO: 	mean diff: check passed: False, value: 2.86102294921875e-06
[2022/02/15 17:43:46] root INFO: loss_1: 
[2022/02/15 17:43:46] root INFO: 	mean diff: check passed: False, value: 0.17406749725341797
[2022/02/15 17:43:46] root INFO: diff check failed
[2022/02/15 17:43:46] root INFO: loss_0: 
[2022/02/15 17:43:46] root INFO: 	mean diff: check passed: False, value: 2.86102294921875e-06
[2022/02/15 17:43:46] root INFO: loss_1: 
[2022/02/15 17:43:46] root INFO: 	mean diff: check passed: False, value: 0.17406749725341797
[2022/02/15 17:43:46] root INFO: diff check failed
